<?xml version="1.0" encoding="UTF-8"?>
<testng-results skipped="0" failed="0" total="1" passed="1">
  <reporter-output>
  </reporter-output>
  <suite name="Default suite" duration-ms="5742" started-at="2020-07-05T07:28:10Z" finished-at="2020-07-05T07:28:16Z">
    <groups>
    </groups>
    <test name="Default test" duration-ms="5742" started-at="2020-07-05T07:28:10Z" finished-at="2020-07-05T07:28:16Z">
      <class name="pageFactoryWithoutAnnotations.LoginWithoutFindBy">
        <test-method status="PASS" signature="login()[pri:0, instance:pageFactoryWithoutAnnotations.LoginWithoutFindBy@7946e1f4]" name="login" duration-ms="5724" started-at="2020-07-05T12:58:10Z" finished-at="2020-07-05T12:58:16Z">
          <reporter-output>
          </reporter-output>
        </test-method> <!-- login -->
      </class> <!-- pageFactoryWithoutAnnotations.LoginWithoutFindBy -->
    </test> <!-- Default test -->
  </suite> <!-- Default suite -->
</testng-results>
